<?xml version="1.0" encoding="UTF-8"?>
<!-- Generated by org.testng.reporters.JUnitReportReporter -->
<testsuite skipped="0" hostname="O3020MI" name="acial.selenium.exercices.testA" tests="2" failures="0" timestamp="17 dÃ©c. 2019 13:39:00 GMT" time="0.006" errors="0">
  <testcase name="test_A_2" time="0.002" classname="acial.selenium.exercices.testA"/>
  <testcase name="test_A_1" time="0.004" classname="acial.selenium.exercices.testA"/>
</testsuite> <!-- acial.selenium.exercices.testA -->
