<?xml version="1.0" encoding="UTF-8"?>
<!-- Generated by org.testng.reporters.JUnitReportReporter -->
<testsuite skipped="0" hostname="O3020MI" name="acial.selenium.exercices.Exercice1" tests="1" failures="0" timestamp="17 dÃ©c. 2019 10:56:46 GMT" time="2.661" errors="0">
  <testcase name="testLogin" time="2.661" classname="acial.selenium.exercices.Exercice1"/>
</testsuite> <!-- acial.selenium.exercices.Exercice1 -->
