<?xml version="1.0" encoding="UTF-8"?>
<!-- Generated by org.testng.reporters.JUnitReportReporter -->
<testsuite skipped="0" hostname="O3020MI" name="acial.selenium.exercices.TestB" tests="2" failures="0" timestamp="17 dÃ©c. 2019 13:39:00 GMT" time="0.010" errors="0">
  <testcase name="test_B_2" time="0.004" classname="acial.selenium.exercices.TestB"/>
  <testcase name="test_B_1" time="0.006" classname="acial.selenium.exercices.TestB"/>
</testsuite> <!-- acial.selenium.exercices.TestB -->
